{"name":"verifyAlfaBankLogoIsDisplayed","status":"skipped","statusDetails":{"known":false,"muted":false,"flaky":false,"message":"Failed to initialize WebDriver","trace":"java.lang.RuntimeException: Failed to initialize WebDriver\n\tat BaseTest.beforeClass(BaseTest.java:29)\n\tat java.base/jdk.internal.reflect.NativeMethodAccessorImpl.invoke0(Native Method)\n\tat java.base/jdk.internal.reflect.NativeMethodAccessorImpl.invoke(NativeMethodAccessorImpl.java:77)\n\tat java.base/jdk.internal.reflect.DelegatingMethodAccessorImpl.invoke(DelegatingMethodAccessorImpl.java:43)\n\tat java.base/java.lang.reflect.Method.invoke(Method.java:568)\n\tat org.testng.internal.invokers.MethodInvocationHelper.invokeMethod(MethodInvocationHelper.java:139)\n\tat org.testng.internal.invokers.MethodInvocationHelper.invokeMethodConsideringTimeout(MethodInvocationHelper.java:69)\n\tat org.testng.internal.invokers.ConfigInvoker.invokeConfigurationMethod(ConfigInvoker.java:361)\n\tat org.testng.internal.invokers.ConfigInvoker.invokeConfigurations(ConfigInvoker.java:296)\n\tat org.testng.internal.invokers.TestInvoker.runConfigMethods(TestInvoker.java:816)\n\tat org.testng.internal.invokers.TestInvoker.invokeMethod(TestInvoker.java:590)\n\tat org.testng.internal.invokers.TestInvoker.invokeTestMethod(TestInvoker.java:221)\n\tat org.testng.internal.invokers.MethodRunner.runInSequence(MethodRunner.java:50)\n\tat org.testng.internal.invokers.TestInvoker$MethodInvocationAgent.invoke(TestInvoker.java:962)\n\tat org.testng.internal.invokers.TestInvoker.invokeTestMethods(TestInvoker.java:194)\n\tat org.testng.internal.invokers.TestMethodWorker.invokeTestMethods(TestMethodWorker.java:148)\n\tat org.testng.internal.invokers.TestMethodWorker.run(TestMethodWorker.java:128)\n\tat java.base/java.util.ArrayList.forEach(ArrayList.java:1511)\n\tat org.testng.TestRunner.privateRun(TestRunner.java:806)\n\tat org.testng.TestRunner.run(TestRunner.java:601)\n\tat org.testng.SuiteRunner.runTest(SuiteRunner.java:433)\n\tat org.testng.SuiteRunner.runSequentially(SuiteRunner.java:427)\n\tat org.testng.SuiteRunner.privateRun(SuiteRunner.java:387)\n\tat org.testng.SuiteRunner.run(SuiteRunner.java:330)\n\tat org.testng.SuiteRunnerWorker.runSuite(SuiteRunnerWorker.java:52)\n\tat org.testng.SuiteRunnerWorker.run(SuiteRunnerWorker.java:95)\n\tat org.testng.TestNG.runSuitesSequentially(TestNG.java:1256)\n\tat org.testng.TestNG.runSuitesLocally(TestNG.java:1176)\n\tat org.testng.TestNG.runSuites(TestNG.java:1099)\n\tat org.testng.TestNG.run(TestNG.java:1067)\n\tat com.intellij.rt.testng.IDEARemoteTestNG.run(IDEARemoteTestNG.java:66)\n\tat com.intellij.rt.testng.RemoteTestNGStarter.main(RemoteTestNGStarter.java:105)\nCaused by: java.lang.IllegalArgumentException: Can not set final com.codeborne.selenide.SelenideElement field com.alfa_bank.testframework.pages.AuthorisationWindow.TITLE_ALFA_BANK_LABEL to jdk.proxy2.$Proxy17\n\tat java.base/jdk.internal.reflect.UnsafeFieldAccessorImpl.throwSetIllegalArgumentException(UnsafeFieldAccessorImpl.java:167)\n\tat java.base/jdk.internal.reflect.UnsafeFieldAccessorImpl.throwSetIllegalArgumentException(UnsafeFieldAccessorImpl.java:171)\n\tat java.base/jdk.internal.reflect.UnsafeQualifiedObjectFieldAccessorImpl.set(UnsafeQualifiedObjectFieldAccessorImpl.java:83)\n\tat java.base/java.lang.reflect.Field.set(Field.java:799)\n\tat org.openqa.selenium.support.PageFactory.proxyFields(PageFactory.java:117)\n\tat org.openqa.selenium.support.PageFactory.initElements(PageFactory.java:105)\n\tat org.openqa.selenium.support.PageFactory.initElements(PageFactory.java:92)\n\tat org.openqa.selenium.support.PageFactory.initElements(PageFactory.java:79)\n\tat com.alfa_bank.testframework.pages.AuthorisationWindow.<init>(AuthorisationWindow.java:40)\n\tat com.alfa_bank.testframework.pages.AuthorisationWindow.create(AuthorisationWindow.java:44)\n\tat BaseTest.beforeClass(BaseTest.java:25)\n\t... 31 more\n"},"stage":"finished","steps":[],"attachments":[],"parameters":[],"start":1701893955806,"stop":1701893955819,"uuid":"ca75f7c7-954a-4145-b75b-f5784c90423a","historyId":"538e5c3c559b4226a6c5c2c38cd302f6","fullName":"VerifyAuthorizationWindowsTest.verifyAlfaBankLogoIsDisplayed","labels":[{"name":"package","value":"VerifyAuthorizationWindowsTest"},{"name":"testClass","value":"VerifyAuthorizationWindowsTest"},{"name":"testMethod","value":"verifyAlfaBankLogoIsDisplayed"},{"name":"parentSuite","value":"Default Suite"},{"name":"suite","value":"test-task"},{"name":"subSuite","value":"VerifyAuthorizationWindowsTest"},{"name":"host","value":"Air-office.netis.cc"},{"name":"thread","value":"7464@Air-office.netis.cc.main(1)"},{"name":"framework","value":"testng"},{"name":"language","value":"java"},{"name":"owner","value":"Zokas Alex"},{"name":"feature","value":"AuthorizationWindow"}],"links":[{"name":"1","type":"tms"}]}